[2020/12/04 10:53:42] Host: Windows NT DESKTOP-62QB4NV 10.0 build 18363 (Windows 10) AMD64
[2020/12/04 10:53:42] PHP version: 7.4.5
[2020/12/04 10:53:42] Server software: Apache/2.4.43 (Win64) OpenSSL/1.1.1g PHP/7.4.5
[2020/12/04 10:53:42] Operating system: WINNT
[2020/12/04 10:53:42] Memory limit: -1
[2020/12/04 10:53:42] Max execution time: 3600
.============================ POST REQUEST ==========================.
[2020/12/04 10:54:09] Postback payload: Array
(
    [handler] => onCheckRequirements
)

[2020/12/04 10:54:09] Check requirements: start
[2020/12/04 10:54:10] Check requirements: end
[2020/12/04 10:54:10] Execute handler (onCheckRequirements): Array
(
    [PHP Version] => Array
        (
            [result] => 1
            [errorMessage] => You need at least 7.2.5 PHP Version to install.
        )

    [PDO] => Array
        (
            [result] => 1
            [errorMessage] => PHP PDO extension is required.
        )

    [XML] => Array
        (
            [result] => 1
            [errorMessage] => PHP XML extension is required.
        )

    [Mbstring] => Array
        (
            [result] => 1
            [errorMessage] => PHP mbstring extension is required.
        )

    [Fileinfo] => Array
        (
            [result] => 1
            [errorMessage] => PHP fileinfo extension is required.
        )

    [OpenSSL] => Array
        (
            [result] => 1
            [errorMessage] => PHP openssl extension is required.
        )

    [GD] => Array
        (
            [result] => 1
            [errorMessage] => PHP GD extension is required.
        )

    [fpassthru] => Array
        (
            [result] => 1
            [errorMessage] => "fpassthru" PHP function needs to be enabled.
        )

    [Curl] => Array
        (
            [result] => 1
            [errorMessage] => PHP curl functionality needs to be enabled.
        )

    [Zip] => Array
        (
            [result] => 1
            [errorMessage] => PHP ZipArchive extension needs to be installed.
        )

)

.============================ POST REQUEST ==========================.
[2020/12/04 10:54:14] Postback payload: Array
(
    [handler] => onCheckFileSystem
)

[2020/12/04 10:54:14] Check filesystem: start
[2020/12/04 10:54:14] Check filesystem: end
[2020/12/04 10:54:14] Execute handler (onCheckFileSystem): Array
(
    [0] => Array
        (
            [path] => D:/xampp/htdocs/website
            [result] => 1
            [errorMessage] => 
        )

    [1] => Array
        (
            [path] => D:/xampp/htdocs/website/storage
            [result] => 1
            [errorMessage] => 
        )

    [2] => Array
        (
            [path] => D:/xampp/htdocs/website/storage/app
            [result] => 1
            [errorMessage] => 
        )

    [3] => Array
        (
            [path] => D:/xampp/htdocs/website/storage/logs
            [result] => 1
            [errorMessage] => 
        )

    [4] => Array
        (
            [path] => D:/xampp/htdocs/website/storage/framework
            [result] => 1
            [errorMessage] => 
        )

    [5] => Array
        (
            [path] => D:/xampp/htdocs/website/public/storage
            [result] => 1
            [errorMessage] => 
        )

    [6] => Array
        (
            [path] => D:/xampp/htdocs/website/.htaccess
            [result] => 1
            [errorMessage] => Make sure <strong>.htaccess</strong> file has been uploaded properly to your server and is writable.
        )

    [7] => Array
        (
            [path] => D:/xampp/htdocs/website/public/.htaccess
            [result] => 1
            [errorMessage] => Make sure <strong>public/.htaccess</strong> file has been uploaded properly to your server and is writable.
        )

)

